This is XeTeX, Version 3.14159265-2.6-0.999992 (TeX Live 2020) (preloaded format=xelatex 2020.6.13)  2 OCT 2020 10:30
entering extended mode
 restricted \write18 enabled.
 file:line:error style messages enabled.
 %&-line parsing enabled.
**cv.tex
(./cv.tex
LaTeX2e <2020-02-02> patch level 5
L3 programming layer <2020-06-03>
(/usr/local/texlive/2020/texmf-dist/tex/latex/base/article.cls
Document Class: article 2019/12/20 v1.4l Standard LaTeX document class
(/usr/local/texlive/2020/texmf-dist/tex/latex/base/size10.clo
File: size10.clo 2019/12/20 v1.4l Standard LaTeX file (size option)
)
\c@part=\count163
\c@section=\count164
\c@subsection=\count165
\c@subsubsection=\count166
\c@paragraph=\count167
\c@subparagraph=\count168
\c@figure=\count169
\c@table=\count170
\abovecaptionskip=\skip47
\belowcaptionskip=\skip48
\bibindent=\dimen134
)
(/usr/local/texlive/2020/texmf-dist/tex/latex/fontspec/fontspec.sty
(/usr/local/texlive/2020/texmf-dist/tex/latex/l3packages/xparse/xparse.sty
(/usr/local/texlive/2020/texmf-dist/tex/latex/l3kernel/expl3.sty
Package: expl3 2020-06-03 L3 programming layer (loader) 

(/usr/local/texlive/2020/texmf-dist/tex/latex/l3backend/l3backend-xdvipdfmx.def
File: l3backend-xdvipdfmx.def 2020-06-03 L3 backend support: xdvipdfmx
\g__graphics_track_int=\count171
\l__pdf_internal_box=\box45
\g__pdf_backend_object_int=\count172
\g__pdf_backend_annotation_int=\count173
))
Package: xparse 2020-05-15 L3 Experimental document command parser

(/usr/local/texlive/2020/texmf-dist/tex/latex/l3packages/xparse/xparse-generic.
tex
\l__xparse_current_arg_int=\count174
\g__xparse_grabber_int=\count175
\l__xparse_m_args_int=\count176
\l__xparse_v_nesting_int=\count177
))
Package: fontspec 2020/02/21 v2.7i Font selection for XeLaTeX and LuaLaTeX
 (/usr/local/texlive/2020/texmf-dist/tex/latex/fontspec/fontspec-xetex.sty
Package: fontspec-xetex 2020/02/21 v2.7i Font selection for XeLaTeX and LuaLaTe
X
\l__fontspec_script_int=\count178
\l__fontspec_language_int=\count179
\l__fontspec_strnum_int=\count180
\l__fontspec_tmp_int=\count181
\l__fontspec_tmpa_int=\count182
\l__fontspec_tmpb_int=\count183
\l__fontspec_tmpc_int=\count184
\l__fontspec_em_int=\count185
\l__fontspec_emdef_int=\count186
\l__fontspec_strong_int=\count187
\l__fontspec_strongdef_int=\count188
\l__fontspec_tmpa_dim=\dimen135
\l__fontspec_tmpb_dim=\dimen136
\l__fontspec_tmpc_dim=\dimen137
(/usr/local/texlive/2020/texmf-dist/tex/latex/base/fontenc.sty
Package: fontenc 2020/02/11 v2.0o Standard LaTeX package
)
(/usr/local/texlive/2020/texmf-dist/tex/latex/fontspec/fontspec.cfg)))
(/usr/local/texlive/2020/texmf-dist/tex/latex/geometry/geometry.sty
Package: geometry 2020/01/02 v5.9 Page Geometry

(/usr/local/texlive/2020/texmf-dist/tex/latex/graphics/keyval.sty
Package: keyval 2014/10/28 v1.15 key=value parser (DPC)
\KV@toks@=\toks15
)
(/usr/local/texlive/2020/texmf-dist/tex/generic/iftex/ifvtex.sty
Package: ifvtex 2019/10/25 v1.7 ifvtex legacy package. Use iftex instead.

(/usr/local/texlive/2020/texmf-dist/tex/generic/iftex/iftex.sty
Package: iftex 2020/03/06 v1.0d TeX engine tests
))
\Gm@cnth=\count189
\Gm@cntv=\count190
\c@Gm@tempcnt=\count191
\Gm@bindingoffset=\dimen138
\Gm@wd@mp=\dimen139
\Gm@odd@mp=\dimen140
\Gm@even@mp=\dimen141
\Gm@layoutwidth=\dimen142
\Gm@layoutheight=\dimen143
\Gm@layouthoffset=\dimen144
\Gm@layoutvoffset=\dimen145
\Gm@dimlist=\toks16
)
(/usr/local/texlive/2020/texmf-dist/tex/latex/koma-script/scrextend.sty
Package: scrextend 2020/04/19 v3.30 KOMA-Script package (extend other classes w
ith features of KOMA-Script classes)

(/usr/local/texlive/2020/texmf-dist/tex/latex/koma-script/scrkbase.sty
Package: scrkbase 2020/04/19 v3.30 KOMA-Script package (KOMA-Script-dependent b
asics and keyval usage)

(/usr/local/texlive/2020/texmf-dist/tex/latex/koma-script/scrbase.sty
Package: scrbase 2020/04/19 v3.30 KOMA-Script package (KOMA-Script-independent 
basics and keyval usage)

(/usr/local/texlive/2020/texmf-dist/tex/latex/koma-script/scrlfile.sty
Package: scrlfile 2020/04/19 v3.30 KOMA-Script package (loading files)
))))
(/usr/local/texlive/2020/texmf-dist/tex/xelatex/xunicode/xunicode.sty
File: xunicode.sty 2011/09/09 v0.981 provides access to latin accents and many 
other characters in Unicode lower plane

(/usr/local/texlive/2020/texmf-dist/tex/latex/tipa/t3enc.def
File: t3enc.def 2001/12/31 T3 encoding
)
\tipaTiiicode=\count192
\tipasavetokens=\toks17
\tipachecktokens=\toks18

(/usr/local/texlive/2020/texmf-dist/tex/latex/graphics/graphicx.sty
Package: graphicx 2019/11/30 v1.2a Enhanced LaTeX Graphics (DPC,SPQR)

(/usr/local/texlive/2020/texmf-dist/tex/latex/graphics/graphics.sty
Package: graphics 2019/11/30 v1.4a Standard LaTeX Graphics (DPC,SPQR)

(/usr/local/texlive/2020/texmf-dist/tex/latex/graphics/trig.sty
Package: trig 2016/01/03 v1.10 sin cos tan (DPC)
)
(/usr/local/texlive/2020/texmf-dist/tex/latex/graphics-cfg/graphics.cfg
File: graphics.cfg 2016/06/04 v1.11 sample graphics configuration
)
Package graphics Info: Driver file: xetex.def on input line 105.

(/usr/local/texlive/2020/texmf-dist/tex/latex/graphics-def/xetex.def
File: xetex.def 2017/06/24 v5.0h Graphics/color driver for xetex
))
\Gin@req@height=\dimen146
\Gin@req@width=\dimen147
))
(/usr/local/texlive/2020/texmf-dist/tex/xelatex/xltxtra/xltxtra.sty
Package: xltxtra 2018/12/31 v0.7 Improvements for the "XeLaTeX" format

(/usr/local/texlive/2020/texmf-dist/tex/generic/iftex/ifluatex.sty
Package: ifluatex 2019/10/25 v1.5 ifluatex legacy package. Use iftex instead.
)
(/usr/local/texlive/2020/texmf-dist/tex/generic/iftex/ifxetex.sty
Package: ifxetex 2019/10/25 v0.7 ifxetex legacy package. Use iftex instead.
)
(/usr/local/texlive/2020/texmf-dist/tex/latex/realscripts/realscripts.sty
Package: realscripts 2016/02/13 v0.3d Access OpenType subscripts and superscrip
ts
\subsupersep=\dimen148
)
(/usr/local/texlive/2020/texmf-dist/tex/latex/metalogo/metalogo.sty
Package: metalogo 2010/05/29 v0.12 Extended TeX logo macros
\xl@everylogo=\toks19
\xl@@everylogo=\toks20
LaTeX Info: Redefining \TeX on input line 193.
LaTeX Info: Redefining \LaTeX on input line 202.
LaTeX Info: Redefining \LaTeXe on input line 219.
)
\l__xetex_show_hyphens_wrapping_box=\box46
\l__xetex_show_hyphens_temp_box=\box47
\l__xetex_show_hyphens_final_box=\box48
\g__xetex_show_hyphens_word_box=\box49
)

Package fontspec Info: Could not resolve font "Fontin Italic/B" (it probably
(fontspec)             doesn't exist).


Package fontspec Info: Font family 'FiraSans(0)' created for font 'Fira Sans'
(fontspec)             with options
(fontspec)             [Mapping=tex-text,Ligatures=TeX,Ligatures={Common},BoldF
ont={Fontin
(fontspec)             Bold},ItalicFont={Fontin Italic}].
(fontspec)              
(fontspec)              This font family consists of the following NFSS
(fontspec)             series/shapes:
(fontspec)              
(fontspec)             - 'normal' (m/n) with NFSS spec.: <->"Fira
(fontspec)             Sans/OT:script=latn;language=dflt;+liga;mapping=tex-text
;"
(fontspec)             - 'small caps'  (m/sc) with NFSS spec.: <->"Fira
(fontspec)             Sans/OT:script=latn;language=dflt;+liga;+smcp;mapping=te
x-text;"
(fontspec)             - 'bold' (b/n) with NFSS spec.: <->"Fontin
(fontspec)             Bold/OT:script=latn;language=dflt;+liga;mapping=tex-text
;"
(fontspec)             - 'bold small caps'  (b/sc) with NFSS spec.: 
(fontspec)             - 'italic' (m/it) with NFSS spec.: <->"Fontin
(fontspec)             Italic/OT:script=latn;language=dflt;+liga;mapping=tex-te
xt;"
(fontspec)             - 'italic small caps'  (m/scit) with NFSS spec.: 
(fontspec)             - 'bold italic' (b/it) with NFSS spec.: <->"Fontin
(fontspec)             Bold/I/OT:script=latn;language=dflt;+liga;mapping=tex-te
xt;"
(fontspec)             - 'bold italic small caps'  (b/scit) with NFSS spec.: 


Package fontspec Info: Font family 'FiraSans(1)' created for font 'Fira Sans'
(fontspec)             with options
(fontspec)             [Mapping=tex-text,Ligatures=TeX,Ligatures={Common},BoldF
ont={Fontin
(fontspec)             Sans Bold},ItalicFont={Fontin Sans Italic}].
(fontspec)              
(fontspec)              This font family consists of the following NFSS
(fontspec)             series/shapes:
(fontspec)              
(fontspec)             - 'normal' (m/n) with NFSS spec.: <->"Fira
(fontspec)             Sans/OT:script=latn;language=dflt;+liga;mapping=tex-text
;"
(fontspec)             - 'small caps'  (m/sc) with NFSS spec.: <->"Fira
(fontspec)             Sans/OT:script=latn;language=dflt;+liga;+smcp;mapping=te
x-text;"
(fontspec)             - 'bold' (b/n) with NFSS spec.: <->"Fontin Sans
(fontspec)             Bold/OT:script=latn;language=dflt;+liga;mapping=tex-text
;"
(fontspec)             - 'bold small caps'  (b/sc) with NFSS spec.: 
(fontspec)             - 'italic' (m/it) with NFSS spec.: <->"Fontin Sans
(fontspec)             Italic/OT:script=latn;language=dflt;+liga;mapping=tex-te
xt;"
(fontspec)             - 'italic small caps'  (m/scit) with NFSS spec.: 
(fontspec)             - 'bold italic' (b/it) with NFSS spec.: <->"Fontin Sans
(fontspec)             Italic/B/OT:script=latn;language=dflt;+liga;mapping=tex-
text;"
(fontspec)             - 'bold italic small caps'  (b/scit) with NFSS spec.: 


Package fontspec Info: Could not resolve font "Fira Mono/I" (it probably
(fontspec)             doesn't exist).


Package fontspec Info: Font family 'FiraMono(0)' created for font 'Fira Mono'
(fontspec)             with options
(fontspec)             [Mapping=tex-text,WordSpace={1,0,0},HyphenChar=None,Punc
tuationSpace=WordSpace].
(fontspec)              
(fontspec)              This font family consists of the following NFSS
(fontspec)             series/shapes:
(fontspec)              
(fontspec)             - 'normal' (m/n) with NFSS spec.: <->"Fira
(fontspec)             Mono/OT:script=latn;language=dflt;mapping=tex-text;"
(fontspec)             - 'small caps'  (m/sc) with NFSS spec.: 
(fontspec)             and font adjustment code:
(fontspec)             \fontdimen 2\font =1\fontdimen 2\font \fontdimen 3\font
(fontspec)             =0\fontdimen 3\font \fontdimen 4\font =0\fontdimen
(fontspec)             4\font \fontdimen 7\font =0\fontdimen 2\font
(fontspec)             \tex_hyphenchar:D \font =-1\scan_stop: 
(fontspec)             - 'bold' (b/n) with NFSS spec.: <->"Fira
(fontspec)             Mono/B/OT:script=latn;language=dflt;mapping=tex-text;"
(fontspec)             - 'bold small caps'  (b/sc) with NFSS spec.: 
(fontspec)             and font adjustment code:
(fontspec)             \fontdimen 2\font =1\fontdimen 2\font \fontdimen 3\font
(fontspec)             =0\fontdimen 3\font \fontdimen 4\font =0\fontdimen
(fontspec)             4\font \fontdimen 7\font =0\fontdimen 2\font
(fontspec)             \tex_hyphenchar:D \font =-1\scan_stop: 
(fontspec)             - 'bold italic' (b/it) with NFSS spec.: <->"Fira
(fontspec)             Mono/BI/OT:script=latn;language=dflt;mapping=tex-text;"
(fontspec)             - 'bold italic small caps'  (b/scit) with NFSS spec.: 
(fontspec)             and font adjustment code:
(fontspec)             \fontdimen 2\font =1\fontdimen 2\font \fontdimen 3\font
(fontspec)             =0\fontdimen 3\font \fontdimen 4\font =0\fontdimen
(fontspec)             4\font \fontdimen 7\font =0\fontdimen 2\font
(fontspec)             \tex_hyphenchar:D \font =-1\scan_stop: 


(/usr/local/texlive/2020/texmf-dist/tex/latex/marginnote/marginnote.sty
Package: marginnote 2018/08/09 v1.4b non floating margin notes for LaTeX
\c@mn@abspage=\count193
)
(/usr/local/texlive/2020/texmf-dist/tex/latex/sectsty/sectsty.sty
Package: sectsty 2002/02/25 v2.0.2 Commands to change all sectional heading sty
les


LaTeX Warning: Command \underbar  has changed.
               Check if current package is valid.


LaTeX Warning: Command \underline  has changed.
               Check if current package is valid.

) (/usr/local/texlive/2020/texmf-dist/tex/generic/ulem/ulem.sty
\UL@box=\box50
\UL@hyphenbox=\box51
\UL@skip=\skip49
\UL@hook=\toks21
\UL@height=\dimen149
\UL@pe=\count194
\UL@pixel=\dimen150
\ULC@box=\box52
Package: ulem 2019/11/18
\ULdepth=\dimen151
)
(/usr/local/texlive/2020/texmf-dist/tex/latex/fancyhdr/fancyhdr.sty
Package: fancyhdr 2019/01/31 v3.10 Extensive control of page headers and footer
s
\f@nch@headwidth=\skip50
\f@nch@O@elh=\skip51
\f@nch@O@erh=\skip52
\f@nch@O@olh=\skip53
\f@nch@O@orh=\skip54
\f@nch@O@elf=\skip55
\f@nch@O@erf=\skip56
\f@nch@O@olf=\skip57
\f@nch@O@orf=\skip58
)

Package Fancyhdr Warning: \fancyfoot's `E' option without twoside option is use
less on input line 59.


Package Fancyhdr Warning: \fancyfoot's `E' option without twoside option is use
less on input line 63.

(/usr/local/texlive/2020/texmf-dist/tex/latex/hyperref/hyperref.sty
Package: hyperref 2020-05-15 v7.00e Hypertext links for LaTeX

(/usr/local/texlive/2020/texmf-dist/tex/generic/ltxcmds/ltxcmds.sty
Package: ltxcmds 2019/12/15 v1.24 LaTeX kernel commands for general use (HO)
)
(/usr/local/texlive/2020/texmf-dist/tex/latex/pdftexcmds/pdftexcmds.sty
Package: pdftexcmds 2020-06-04 v0.32 Utility functions of pdfTeX for LuaTeX (HO
)

(/usr/local/texlive/2020/texmf-dist/tex/generic/infwarerr/infwarerr.sty
Package: infwarerr 2019/12/03 v1.5 Providing info/warning/error messages (HO)
)
Package pdftexcmds Info: \pdf@primitive is available.
Package pdftexcmds Info: \pdf@ifprimitive is available.
Package pdftexcmds Info: \pdfdraftmode not found.
)
(/usr/local/texlive/2020/texmf-dist/tex/generic/kvsetkeys/kvsetkeys.sty
Package: kvsetkeys 2019/12/15 v1.18 Key value parser (HO)
)
(/usr/local/texlive/2020/texmf-dist/tex/generic/kvdefinekeys/kvdefinekeys.sty
Package: kvdefinekeys 2019-12-19 v1.6 Define keys (HO)
)
(/usr/local/texlive/2020/texmf-dist/tex/generic/pdfescape/pdfescape.sty
Package: pdfescape 2019/12/09 v1.15 Implements pdfTeX's escape features (HO)
)
(/usr/local/texlive/2020/texmf-dist/tex/latex/hycolor/hycolor.sty
Package: hycolor 2020-01-27 v1.10 Color options for hyperref/bookmark (HO)
)
(/usr/local/texlive/2020/texmf-dist/tex/latex/letltxmacro/letltxmacro.sty
Package: letltxmacro 2019/12/03 v1.6 Let assignment for LaTeX macros (HO)
)
(/usr/local/texlive/2020/texmf-dist/tex/latex/auxhook/auxhook.sty
Package: auxhook 2019-12-17 v1.6 Hooks for auxiliary files (HO)
)
(/usr/local/texlive/2020/texmf-dist/tex/latex/kvoptions/kvoptions.sty
Package: kvoptions 2019/11/29 v3.13 Key value format for package options (HO)
)
\@linkdim=\dimen152
\Hy@linkcounter=\count195
\Hy@pagecounter=\count196

(/usr/local/texlive/2020/texmf-dist/tex/latex/hyperref/pd1enc.def
File: pd1enc.def 2020-05-15 v7.00e Hyperref: PDFDocEncoding definition (HO)
)
(/usr/local/texlive/2020/texmf-dist/tex/generic/intcalc/intcalc.sty
Package: intcalc 2019/12/15 v1.3 Expandable calculations with integers (HO)
)
(/usr/local/texlive/2020/texmf-dist/tex/generic/etexcmds/etexcmds.sty
Package: etexcmds 2019/12/15 v1.7 Avoid name clashes with e-TeX commands (HO)
)
\Hy@SavedSpaceFactor=\count197
Package hyperref Info: Option `bookmarks' set `true' on input line 4338.
Package hyperref Info: Option `colorlinks' set `true' on input line 4338.
Package hyperref Info: Option `breaklinks' set `true' on input line 4338.


Package hyperref Warning: XeTeX driver only supports unicode.
(hyperref)                Enabling option `unicode'.

Package hyperref Info: Option `unicode' set `true' on input line 4338.
(/usr/local/texlive/2020/texmf-dist/tex/latex/hyperref/puenc.def
File: puenc.def 2020-05-15 v7.00e Hyperref: PDF Unicode definition (HO)
)
Package hyperref Info: Hyper figures OFF on input line 4464.
Package hyperref Info: Link nesting OFF on input line 4469.
Package hyperref Info: Hyper index ON on input line 4472.
Package hyperref Info: Plain pages OFF on input line 4479.
Package hyperref Info: Backreferencing OFF on input line 4484.
Package hyperref Info: Implicit mode ON; LaTeX internals redefined.
Package hyperref Info: Bookmarks ON on input line 4717.
\c@Hy@tempcnt=\count198

(/usr/local/texlive/2020/texmf-dist/tex/latex/url/url.sty
\Urlmuskip=\muskip16
Package: url 2013/09/16  ver 3.4  Verb mode for urls, etc.
)
LaTeX Info: Redefining \url on input line 5076.
\XeTeXLinkMargin=\dimen153

(/usr/local/texlive/2020/texmf-dist/tex/generic/bitset/bitset.sty
Package: bitset 2019/12/09 v1.3 Handle bit-vector datatype (HO)

(/usr/local/texlive/2020/texmf-dist/tex/generic/bigintcalc/bigintcalc.sty
Package: bigintcalc 2019/12/15 v1.5 Expandable calculations on big integers (HO
)
))
\Fld@menulength=\count199
\Field@Width=\dimen154
\Fld@charsize=\dimen155
Package hyperref Info: Hyper figures OFF on input line 6347.
Package hyperref Info: Link nesting OFF on input line 6352.
Package hyperref Info: Hyper index ON on input line 6355.
Package hyperref Info: backreferencing OFF on input line 6362.
Package hyperref Info: Link coloring ON on input line 6365.
Package hyperref Info: Link coloring with OCG OFF on input line 6372.
Package hyperref Info: PDF/A mode OFF on input line 6377.
LaTeX Info: Redefining \ref on input line 6417.
LaTeX Info: Redefining \pageref on input line 6421.

(/usr/local/texlive/2020/texmf-dist/tex/generic/atbegshi/atbegshi.sty
Package: atbegshi 2019/12/05 v1.19 At begin shipout hook (HO)
)
\Hy@abspage=\count266
\c@Item=\count267
\c@Hfootnote=\count268
)
Package hyperref Info: Driver (autodetected): hxetex.

(/usr/local/texlive/2020/texmf-dist/tex/latex/hyperref/hxetex.def
File: hxetex.def 2020-05-15 v7.00e Hyperref driver for XeTeX

(/usr/local/texlive/2020/texmf-dist/tex/generic/stringenc/stringenc.sty
Package: stringenc 2019/11/29 v1.12 Convert strings between diff. encodings (HO
)
)
\pdfm@box=\box53
\c@Hy@AnnotLevel=\count269
\HyField@AnnotCount=\count270
\Fld@listcount=\count271
\c@bookmark@seq@number=\count272

(/usr/local/texlive/2020/texmf-dist/tex/latex/rerunfilecheck/rerunfilecheck.sty
Package: rerunfilecheck 2019/12/05 v1.9 Rerun checks for auxiliary files (HO)
(/usr/local/texlive/2020/texmf-dist/tex/latex/atveryend/atveryend.sty
Package: atveryend 2019-12-11 v1.11 Hooks at the very end of document (HO)
Package atveryend Info: \enddocument detected (standard20110627).
)
(/usr/local/texlive/2020/texmf-dist/tex/generic/uniquecounter/uniquecounter.sty
Package: uniquecounter 2019/12/15 v1.4 Provide unlimited unique counter (HO)
)
Package uniquecounter Info: New unique counter `rerunfilecheck' on input line 2
86.
)
\Hy@SectionHShift=\skip59
) (./cv.aux)
\openout1 = `cv.aux'.

LaTeX Font Info:    Checking defaults for OML/cmm/m/it on input line 76.
LaTeX Font Info:    ... okay on input line 76.
LaTeX Font Info:    Checking defaults for OMS/cmsy/m/n on input line 76.
LaTeX Font Info:    ... okay on input line 76.
LaTeX Font Info:    Checking defaults for OT1/cmr/m/n on input line 76.
LaTeX Font Info:    ... okay on input line 76.
LaTeX Font Info:    Checking defaults for T1/cmr/m/n on input line 76.
LaTeX Font Info:    ... okay on input line 76.
LaTeX Font Info:    Checking defaults for TS1/cmr/m/n on input line 76.
LaTeX Font Info:    Trying to load font information for TS1+cmr on input line 7
6.
 (/usr/local/texlive/2020/texmf-dist/tex/latex/base/ts1cmr.fd
File: ts1cmr.fd 2019/12/16 v2.5j Standard LaTeX font definitions
)
LaTeX Font Info:    ... okay on input line 76.
LaTeX Font Info:    Checking defaults for TU/lmr/m/n on input line 76.
LaTeX Font Info:    ... okay on input line 76.
LaTeX Font Info:    Checking defaults for OMX/cmex/m/n on input line 76.
LaTeX Font Info:    ... okay on input line 76.
LaTeX Font Info:    Checking defaults for U/cmr/m/n on input line 76.
LaTeX Font Info:    ... okay on input line 76.
LaTeX Font Info:    Checking defaults for T3/cmr/m/n on input line 76.
LaTeX Font Info:    Trying to load font information for T3+cmr on input line 76
.

(/usr/local/texlive/2020/texmf-dist/tex/latex/tipa/t3cmr.fd
File: t3cmr.fd 2001/12/31 TIPA font definitions
)
LaTeX Font Info:    ... okay on input line 76.
LaTeX Font Info:    Checking defaults for PD1/pdf/m/n on input line 76.
LaTeX Font Info:    ... okay on input line 76.
LaTeX Font Info:    Checking defaults for PU/pdf/m/n on input line 76.
LaTeX Font Info:    ... okay on input line 76.

Package fontspec Info: Adjusting the maths setup (use [no-math] to avoid
(fontspec)             this).

\symlegacymaths=\mathgroup4
LaTeX Font Info:    Overwriting symbol font `legacymaths' in version `bold'
(Font)                  OT1/cmr/m/n --> OT1/cmr/bx/n on input line 76.
LaTeX Font Info:    Redeclaring math accent \acute on input line 76.
LaTeX Font Info:    Redeclaring math accent \grave on input line 76.
LaTeX Font Info:    Redeclaring math accent \ddot on input line 76.
LaTeX Font Info:    Redeclaring math accent \tilde on input line 76.
LaTeX Font Info:    Redeclaring math accent \bar on input line 76.
LaTeX Font Info:    Redeclaring math accent \breve on input line 76.
LaTeX Font Info:    Redeclaring math accent \check on input line 76.
LaTeX Font Info:    Redeclaring math accent \hat on input line 76.
LaTeX Font Info:    Redeclaring math accent \dot on input line 76.
LaTeX Font Info:    Redeclaring math accent \mathring on input line 76.
LaTeX Font Info:    Redeclaring math symbol \colon on input line 76.
LaTeX Font Info:    Redeclaring math symbol \Gamma on input line 76.
LaTeX Font Info:    Redeclaring math symbol \Delta on input line 76.
LaTeX Font Info:    Redeclaring math symbol \Theta on input line 76.
LaTeX Font Info:    Redeclaring math symbol \Lambda on input line 76.
LaTeX Font Info:    Redeclaring math symbol \Xi on input line 76.
LaTeX Font Info:    Redeclaring math symbol \Pi on input line 76.
LaTeX Font Info:    Redeclaring math symbol \Sigma on input line 76.
LaTeX Font Info:    Redeclaring math symbol \Upsilon on input line 76.
LaTeX Font Info:    Redeclaring math symbol \Phi on input line 76.
LaTeX Font Info:    Redeclaring math symbol \Psi on input line 76.
LaTeX Font Info:    Redeclaring math symbol \Omega on input line 76.
LaTeX Font Info:    Redeclaring math symbol \mathdollar on input line 76.
LaTeX Font Info:    Redeclaring symbol font `operators' on input line 76.
LaTeX Font Info:    Encoding `OT1' has changed to `TU' for symbol font
(Font)              `operators' in the math version `normal' on input line 76.
LaTeX Font Info:    Overwriting symbol font `operators' in version `normal'
(Font)                  OT1/cmr/m/n --> TU/FiraSans(0)/m/n on input line 76.
LaTeX Font Info:    Encoding `OT1' has changed to `TU' for symbol font
(Font)              `operators' in the math version `bold' on input line 76.
LaTeX Font Info:    Overwriting symbol font `operators' in version `bold'
(Font)                  OT1/cmr/bx/n --> TU/FiraSans(0)/m/n on input line 76.
LaTeX Font Info:    Overwriting symbol font `operators' in version `normal'
(Font)                  TU/FiraSans(0)/m/n --> TU/FiraSans(0)/m/n on input line
 76.
LaTeX Font Info:    Overwriting math alphabet `\mathit' in version `normal'
(Font)                  OT1/cmr/m/it --> TU/FiraSans(0)/m/it on input line 76.
LaTeX Font Info:    Overwriting math alphabet `\mathbf' in version `normal'
(Font)                  OT1/cmr/bx/n --> TU/FiraSans(0)/b/n on input line 76.
LaTeX Font Info:    Overwriting math alphabet `\mathsf' in version `normal'
(Font)                  OT1/cmss/m/n --> TU/FiraSans(1)/m/n on input line 76.
LaTeX Font Info:    Overwriting math alphabet `\mathtt' in version `normal'
(Font)                  OT1/cmtt/m/n --> TU/FiraMono(0)/m/n on input line 76.
LaTeX Font Info:    Overwriting symbol font `operators' in version `bold'
(Font)                  TU/FiraSans(0)/m/n --> TU/FiraSans(0)/b/n on input line
 76.
LaTeX Font Info:    Overwriting math alphabet `\mathit' in version `bold'
(Font)                  OT1/cmr/bx/it --> TU/FiraSans(0)/b/it on input line 76.

LaTeX Font Info:    Overwriting math alphabet `\mathsf' in version `bold'
(Font)                  OT1/cmss/bx/n --> TU/FiraSans(1)/b/n on input line 76.
LaTeX Font Info:    Overwriting math alphabet `\mathtt' in version `bold'
(Font)                  OT1/cmtt/m/n --> TU/FiraMono(0)/b/n on input line 76.

*geometry* driver: auto-detecting
*geometry* detected driver: xetex
*geometry* verbose mode - [ preamble ] result:
* driver: xetex
* paper: a4paper
* layout: <same size as paper>
* layoutoffset:(h,v)=(0.0pt,0.0pt)
* modes: 
* h-part:(L,W,R)=(81.94394pt, 433.62pt, 81.94394pt)
* v-part:(T,H,B)=(92.30072pt, 614.295pt, 138.45113pt)
* \paperwidth=597.50787pt
* \paperheight=845.04684pt
* \textwidth=433.62pt
* \textheight=614.295pt
* \oddsidemargin=9.67395pt
* \evensidemargin=9.67395pt
* \topmargin=-16.96927pt
* \headheight=12.0pt
* \headsep=25.0pt
* \topskip=10.0pt
* \footskip=30.0pt
* \marginparwidth=43.36243pt
* \marginparsep=7.0pt
* \columnsep=10.0pt
* \skip\footins=9.0pt plus 4.0pt minus 2.0pt
* \hoffset=0.0pt
* \voffset=0.0pt
* \mag=1000
* \@twocolumnfalse
* \@twosidefalse
* \@mparswitchfalse
* \@reversemargintrue
* (1in=72.27pt=25.4mm, 1cm=28.453pt)

\AtBeginShipoutBox=\box54
(/usr/local/texlive/2020/texmf-dist/tex/latex/graphics/color.sty
Package: color 2019/11/23 v1.2a Standard LaTeX Color (DPC)

(/usr/local/texlive/2020/texmf-dist/tex/latex/graphics-cfg/color.cfg
File: color.cfg 2016/01/02 v1.6 sample color configuration
)
Package color Info: Driver file: xetex.def on input line 147.
)
Package hyperref Info: Link coloring ON on input line 76.

(/usr/local/texlive/2020/texmf-dist/tex/latex/hyperref/nameref.sty
Package: nameref 2019/09/16 v2.46 Cross-referencing by name of section

(/usr/local/texlive/2020/texmf-dist/tex/latex/refcount/refcount.sty
Package: refcount 2019/12/15 v3.6 Data extraction from label references (HO)
)
(/usr/local/texlive/2020/texmf-dist/tex/generic/gettitlestring/gettitlestring.s
ty
Package: gettitlestring 2019/12/15 v1.6 Cleanup title references (HO)
)
\c@section@level=\count273
)
LaTeX Info: Redefining \ref on input line 76.
LaTeX Info: Redefining \pageref on input line 76.
LaTeX Info: Redefining \nameref on input line 76.
 (./cv.out) (./cv.out)
\@outlinefile=\write3
\openout3 = `cv.out'.


Underfull \hbox (badness 10000) in paragraph at lines 77--78

 []


Underfull \hbox (badness 10000) in paragraph at lines 89--91

 []

Package marginnote Info: Margin note 1.1 is on absolute page 1 on input line 11
1.
Package marginnote Info: right page because not two side mode on input line 111
.
Package marginnote Info: xpos seems to be 81.94394pt on input line 111.
Package marginnote Info: Margin note 1.2 is on absolute page 1 on input line 11
4.
Package marginnote Info: right page because not two side mode on input line 114
.
Package marginnote Info: xpos seems to be 81.94394pt on input line 114.
Package marginnote Info: Margin note 1.3 is on absolute page 1 on input line 11
5.
Package marginnote Info: right page because not two side mode on input line 115
.
Package marginnote Info: xpos seems to be 81.94394pt on input line 115.

Underfull \hbox (badness 10000) in paragraph at lines 111--116

 []

Package marginnote Info: Margin note 1.4 is on absolute page 1 on input line 11
9.
Package marginnote Info: right page because not two side mode on input line 119
.
Package marginnote Info: xpos seems to be 81.94394pt on input line 119.

Underfull \hbox (badness 10000) in paragraph at lines 119--121

 []

Package marginnote Info: Margin note 1.5 is on absolute page 1 on input line 12
2.
Package marginnote Info: right page because not two side mode on input line 122
.
Package marginnote Info: xpos seems to be 81.94394pt on input line 122.

Underfull \hbox (badness 10000) in paragraph at lines 122--124

 []

Package marginnote Info: Margin note 1.6 is on absolute page 1 on input line 12
5.
Package marginnote Info: right page because not two side mode on input line 125
.
Package marginnote Info: xpos seems to be 81.94394pt on input line 125.

Underfull \hbox (badness 10000) in paragraph at lines 125--127

 []

Package marginnote Info: Margin note 1.7 is on absolute page 1 on input line 12
9.
Package marginnote Info: right page because not two side mode on input line 129
.
Package marginnote Info: xpos seems to be 81.94394pt on input line 129.
Package marginnote Info: Margin note 1.8 is on absolute page 1 on input line 13
2.
Package marginnote Info: right page because not two side mode on input line 132
.
Package marginnote Info: xpos seems to be 81.94394pt on input line 132.
Package marginnote Info: Margin note 1.9 is on absolute page 1 on input line 13
4.
Package marginnote Info: right page because not two side mode on input line 134
.
Package marginnote Info: xpos seems to be 81.94394pt on input line 134.
Package marginnote Info: Margin note 1.10 is on absolute page 1 on input line 1
36.
Package marginnote Info: right page because not two side mode on input line 136
.
Package marginnote Info: xpos seems to be 81.94394pt on input line 136.
Package marginnote Info: Margin note 1.11 is on absolute page 1 on input line 1
39.
Package marginnote Info: right page because not two side mode on input line 139
.
Package marginnote Info: xpos seems to be 81.94394pt on input line 139.

Underfull \hbox (badness 10000) in paragraph at lines 129--141

 []

Package marginnote Info: Margin note 1.12 is on absolute page 2 on input line 1
44.
Package marginnote Info: right page because not two side mode on input line 144
.
Package marginnote Info: xpos seems to be 81.94394pt on input line 144.
Package marginnote Info: Margin note 1.13 is on absolute page 2 on input line 1
46.
Package marginnote Info: right page because not two side mode on input line 146
.
Package marginnote Info: xpos seems to be 81.94394pt on input line 146.
Package marginnote Info: Margin note 1.14 is on absolute page 2 on input line 1
49.
Package marginnote Info: right page because not two side mode on input line 149
.
Package marginnote Info: xpos seems to be 81.94394pt on input line 149.
Package marginnote Info: Margin note 1.15 is on absolute page 2 on input line 1
51.
Package marginnote Info: right page because not two side mode on input line 151
.
Package marginnote Info: xpos seems to be 81.94394pt on input line 151.
Package marginnote Info: Margin note 1.16 is on absolute page 2 on input line 1
53.
Package marginnote Info: right page because not two side mode on input line 153
.
Package marginnote Info: xpos seems to be 81.94394pt on input line 153.
Package marginnote Info: Margin note 1.17 is on absolute page 2 on input line 1
55.
Package marginnote Info: right page because not two side mode on input line 155
.
Package marginnote Info: xpos seems to be 81.94394pt on input line 155.

Overfull \hbox (12.81996pt too wide) in paragraph at lines 144--156
|[]\TU/FiraSans(0)/m/n/10 ”On the Relation between Steganography and Cryptograp
hy”, Information Security Seminar, Queens-
 []

[1

]
Package marginnote Info: Margin note 2.1 is on absolute page 2 on input line 16
9.
Package marginnote Info: right page because not two side mode on input line 169
.
Package marginnote Info: xpos seems to be 81.94394pt on input line 169.

Package fontspec Info: Could not resolve font "Fontin Italic/B" (it probably
(fontspec)             doesn't exist).



Package fontspec Warning: OpenType feature 'VerticalPosition=Superior' (sups)
(fontspec)                not available for font 'Fontin Bold' with script
(fontspec)                'CustomDefault' and language 'Default'.


Package fontspec Warning: OpenType feature 'VerticalPosition=Superior' (sups)
(fontspec)                not available for font 'Fontin Italic' with script
(fontspec)                'CustomDefault' and language 'Default'.


Package fontspec Warning: OpenType feature 'VerticalPosition=Superior' (sups)
(fontspec)                not available for font 'Fontin Bold/I' with script
(fontspec)                'CustomDefault' and language 'Default'.


Package fontspec Info: Font family 'FiraSans(2)' created for font 'Fira Sans'
(fontspec)             with options
(fontspec)             [Mapping=tex-text,Ligatures=TeX,Ligatures={Common},BoldF
ont={Fontin
(fontspec)             Bold},ItalicFont={Fontin
(fontspec)             Italic},VerticalPosition=Superior].
(fontspec)              
(fontspec)              This font family consists of the following NFSS
(fontspec)             series/shapes:
(fontspec)              
(fontspec)             - 'normal' (m/n) with NFSS spec.: <->"Fira
(fontspec)             Sans/OT:script=latn;language=dflt;+liga;+sups;mapping=te
x-text;"
(fontspec)             - 'small caps'  (m/sc) with NFSS spec.: <->"Fira
(fontspec)             Sans/OT:script=latn;language=dflt;+liga;+sups;+smcp;mapp
ing=tex-text;"
(fontspec)             - 'bold' (b/n) with NFSS spec.: <->"Fontin
(fontspec)             Bold/OT:script=latn;language=dflt;+liga;mapping=tex-text
;"
(fontspec)             - 'bold small caps'  (b/sc) with NFSS spec.: 
(fontspec)             - 'italic' (m/it) with NFSS spec.: <->"Fontin
(fontspec)             Italic/OT:script=latn;language=dflt;+liga;mapping=tex-te
xt;"
(fontspec)             - 'italic small caps'  (m/scit) with NFSS spec.: 
(fontspec)             - 'bold italic' (b/it) with NFSS spec.: <->"Fontin
(fontspec)             Bold/I/OT:script=latn;language=dflt;+liga;mapping=tex-te
xt;"
(fontspec)             - 'bold italic small caps'  (b/scit) with NFSS spec.: 

Package marginnote Info: Margin note 2.2 is on absolute page 2 on input line 17
4.
Package marginnote Info: right page because not two side mode on input line 174
.
Package marginnote Info: xpos seems to be 81.94394pt on input line 174.
Package marginnote Info: Margin note 2.3 is on absolute page 2 on input line 17
6.
Package marginnote Info: right page because not two side mode on input line 176
.
Package marginnote Info: xpos seems to be 81.94394pt on input line 176.
Package marginnote Info: Margin note 2.4 is on absolute page 2 on input line 18
0.
Package marginnote Info: right page because not two side mode on input line 180
.
Package marginnote Info: xpos seems to be 81.94394pt on input line 180.
Package marginnote Info: Margin note 2.5 is on absolute page 2 on input line 18
2.
Package marginnote Info: right page because not two side mode on input line 182
.
Package marginnote Info: xpos seems to be 81.94394pt on input line 182.
Package marginnote Info: Margin note 2.6 is on absolute page 2 on input line 18
5.
Package marginnote Info: right page because not two side mode on input line 185
.
Package marginnote Info: xpos seems to be 81.94394pt on input line 185.
Package marginnote Info: Margin note 2.7 is on absolute page 2 on input line 18
8.
Package marginnote Info: right page because not two side mode on input line 188
.
Package marginnote Info: xpos seems to be 81.94394pt on input line 188.
Package marginnote Info: Margin note 2.8 is on absolute page 2 on input line 19
1.
Package marginnote Info: right page because not two side mode on input line 191
.
Package marginnote Info: xpos seems to be 81.94394pt on input line 191.
Package marginnote Info: Margin note 2.9 is on absolute page 2 on input line 19
4.
Package marginnote Info: right page because not two side mode on input line 194
.
Package marginnote Info: xpos seems to be 81.94394pt on input line 194.
Package marginnote Info: Margin note 2.10 is on absolute page 2 on input line 1
96.
Package marginnote Info: right page because not two side mode on input line 196
.
Package marginnote Info: xpos seems to be 81.94394pt on input line 196.
Package marginnote Info: Margin note 2.11 is on absolute page 2 on input line 1
98.
Package marginnote Info: right page because not two side mode on input line 198
.
Package marginnote Info: xpos seems to be 81.94394pt on input line 198.
Package marginnote Info: Margin note 2.12 is on absolute page 2 on input line 2
02.
Package marginnote Info: right page because not two side mode on input line 202
.
Package marginnote Info: xpos seems to be 81.94394pt on input line 202.
Package marginnote Info: Margin note 2.13 is on absolute page 2 on input line 2
04.
Package marginnote Info: right page because not two side mode on input line 204
.
Package marginnote Info: xpos seems to be 81.94394pt on input line 204.
Package marginnote Info: Margin note 2.14 is on absolute page 2 on input line 2
07.
Package marginnote Info: right page because not two side mode on input line 207
.
Package marginnote Info: xpos seems to be 81.94394pt on input line 207.
Package marginnote Info: Margin note 2.15 is on absolute page 2 on input line 2
11.
Package marginnote Info: right page because not two side mode on input line 211
.
Package marginnote Info: xpos seems to be 81.94394pt on input line 211.
Package marginnote Info: Margin note 2.16 is on absolute page 3 on input line 2
16.
Package marginnote Info: right page because not two side mode on input line 216
.
Package marginnote Info: xpos seems to be 81.94394pt on input line 216.
Package marginnote Info: Margin note 2.17 is on absolute page 3 on input line 2
20.
Package marginnote Info: right page because not two side mode on input line 220
.
Package marginnote Info: xpos seems to be 81.94394pt on input line 220.

Overfull \hbox (2.16843pt too wide) in paragraph at lines 169--222
\TU/FiraSans(0)/m/n/10 ”SNI-in-the-head: Protecting MPC-in-the-head Protocols a
gainst Side-channel Analysis”, \TU/FiraSans(0)/m/it/10 CCS 2020 
 []

[2]
Package marginnote Info: Margin note 3.1 is on absolute page 3 on input line 22
6.
Package marginnote Info: right page because not two side mode on input line 226
.
Package marginnote Info: xpos seems to be 81.94394pt on input line 226.
Package marginnote Info: Margin note 3.2 is on absolute page 3 on input line 22
9.
Package marginnote Info: right page because not two side mode on input line 229
.
Package marginnote Info: xpos seems to be 81.94394pt on input line 229.
Package marginnote Info: Margin note 3.3 is on absolute page 3 on input line 23
5.
Package marginnote Info: right page because not two side mode on input line 235
.
Package marginnote Info: xpos seems to be 81.94394pt on input line 235.
 [3]
Package marginnote Info: Margin note 4.1 is on absolute page 4 on input line 26
5.
Package marginnote Info: right page because not two side mode on input line 265
.
Package marginnote Info: xpos seems to be 81.94394pt on input line 265.
Package marginnote Info: Margin note 4.2 is on absolute page 4 on input line 26
7.
Package marginnote Info: right page because not two side mode on input line 267
.
Package marginnote Info: xpos seems to be 81.94394pt on input line 267.
Package marginnote Info: Margin note 4.3 is on absolute page 4 on input line 26
9.
Package marginnote Info: right page because not two side mode on input line 269
.
Package marginnote Info: xpos seems to be 81.94394pt on input line 269.
Package marginnote Info: Margin note 4.4 is on absolute page 4 on input line 27
1.
Package marginnote Info: right page because not two side mode on input line 271
.
Package marginnote Info: xpos seems to be 81.94394pt on input line 271.
Package marginnote Info: Margin note 4.5 is on absolute page 4 on input line 27
3.
Package marginnote Info: right page because not two side mode on input line 273
.
Package marginnote Info: xpos seems to be 81.94394pt on input line 273.
Package marginnote Info: Margin note 4.6 is on absolute page 4 on input line 27
4.
Package marginnote Info: right page because not two side mode on input line 274
.
Package marginnote Info: xpos seems to be 81.94394pt on input line 274.
Package marginnote Info: Margin note 4.7 is on absolute page 4 on input line 27
6.
Package marginnote Info: right page because not two side mode on input line 276
.
Package marginnote Info: xpos seems to be 81.94394pt on input line 276.
Package marginnote Info: Margin note 4.8 is on absolute page 4 on input line 27
8.
Package marginnote Info: right page because not two side mode on input line 278
.
Package marginnote Info: xpos seems to be 81.94394pt on input line 278.
 [4]
Package marginnote Info: Margin note 5.1 is on absolute page 5 on input line 28
2.
Package marginnote Info: right page because not two side mode on input line 282
.
Package marginnote Info: xpos seems to be 81.94394pt on input line 282.
Package marginnote Info: Margin note 5.2 is on absolute page 5 on input line 28
5.
Package marginnote Info: right page because not two side mode on input line 285
.
Package marginnote Info: xpos seems to be 81.94394pt on input line 285.
Package marginnote Info: Margin note 5.3 is on absolute page 5 on input line 28
7.
Package marginnote Info: right page because not two side mode on input line 287
.
Package marginnote Info: xpos seems to be 81.94394pt on input line 287.
Package marginnote Info: Margin note 5.4 is on absolute page 5 on input line 29
0.
Package marginnote Info: right page because not two side mode on input line 290
.
Package marginnote Info: xpos seems to be 81.94394pt on input line 290.
Package marginnote Info: Margin note 5.5 is on absolute page 5 on input line 29
2.
Package marginnote Info: right page because not two side mode on input line 292
.
Package marginnote Info: xpos seems to be 81.94394pt on input line 292.
Package marginnote Info: Margin note 5.6 is on absolute page 5 on input line 29
5.
Package marginnote Info: right page because not two side mode on input line 295
.
Package marginnote Info: xpos seems to be 81.94394pt on input line 295.
Package marginnote Info: Margin note 5.7 is on absolute page 5 on input line 29
6.
Package marginnote Info: right page because not two side mode on input line 296
.
Package marginnote Info: xpos seems to be 81.94394pt on input line 296.
Package marginnote Info: Margin note 5.8 is on absolute page 5 on input line 29
8.
Package marginnote Info: right page because not two side mode on input line 298
.
Package marginnote Info: xpos seems to be 81.94394pt on input line 298.
Package marginnote Info: Margin note 5.9 is on absolute page 5 on input line 30
0.
Package marginnote Info: right page because not two side mode on input line 300
.
Package marginnote Info: xpos seems to be 81.94394pt on input line 300.
Package marginnote Info: Margin note 5.10 is on absolute page 5 on input line 3
02.
Package marginnote Info: right page because not two side mode on input line 302
.
Package marginnote Info: xpos seems to be 81.94394pt on input line 302.

Underfull \hbox (badness 10000) in paragraph at lines 282--305

 []


Underfull \hbox (badness 10000) in paragraph at lines 307--315

 []


Package fontspec Info: Font family 'TimesNewRoman(0)' created for font 'Times
(fontspec)             New Roman' with options [Mapping=tex-text].
(fontspec)              
(fontspec)              This font family consists of the following NFSS
(fontspec)             series/shapes:
(fontspec)              
(fontspec)             - 'normal' (m/n) with NFSS spec.: <->"Times New
(fontspec)             Roman/OT:language=dflt;mapping=tex-text;"
(fontspec)             - 'small caps'  (m/sc) with NFSS spec.: 
(fontspec)             - 'bold' (b/n) with NFSS spec.: <->"Times New
(fontspec)             Roman/B/OT:language=dflt;mapping=tex-text;"
(fontspec)             - 'bold small caps'  (b/sc) with NFSS spec.: 
(fontspec)             - 'italic' (m/it) with NFSS spec.: <->"Times New
(fontspec)             Roman/I/OT:language=dflt;mapping=tex-text;"
(fontspec)             - 'italic small caps'  (m/scit) with NFSS spec.: 
(fontspec)             - 'bold italic' (b/it) with NFSS spec.: <->"Times New
(fontspec)             Roman/BI/OT:language=dflt;mapping=tex-text;"
(fontspec)             - 'bold italic small caps'  (b/scit) with NFSS spec.: 

LaTeX Font Info:    External font `cmex10' loaded for size
(Font)              <7> on input line 327.
LaTeX Font Info:    External font `cmex10' loaded for size
(Font)              <5> on input line 327.
Package atveryend Info: Empty hook `BeforeClearDocument' on input line 332.
[5]
Package atveryend Info: Empty hook `AfterLastShipout' on input line 332.
 (./cv.aux)
Package atveryend Info: Empty hook `AtVeryEndDocument' on input line 332.
Package atveryend Info: Executing hook `AtEndAfterFileList' on input line 332.
Package rerunfilecheck Info: File `cv.out' has not changed.
(rerunfilecheck)             Checksum: D41D8CD98F00B204E9800998ECF8427E;0.
Package atveryend Info: Empty hook `AtVeryVeryEnd' on input line 332.
 ) 
Here is how much of TeX's memory you used:
 15803 strings out of 479284
 292398 string characters out of 5880516
 615674 words of memory out of 5000000
 33235 multiletter control sequences out of 15000+600000
 533212 words of font info for 77 fonts, out of 8000000 for 9000
 1348 hyphenation exceptions out of 8191
 50i,11n,92p,278b,379s stack positions out of 5000i,500n,10000p,200000b,80000s

Output written on cv.pdf (5 pages).
